C:\USERS\SERGEY\DOCUMENTS\BULLET3-MASTER\BULLET_DEMO_RIGIDBODY\BULLET_DEMO_RIGIDBODY\DEBUG\BASICDEMO.OBJ
C:\USERS\SERGEY\DOCUMENTS\BULLET3-MASTER\BULLET_DEMO_RIGIDBODY\BULLET_DEMO_RIGIDBODY\DEBUG\BULLETOPENGLAPPLICATION.OBJ
C:\USERS\SERGEY\DOCUMENTS\BULLET3-MASTER\BULLET_DEMO_RIGIDBODY\BULLET_DEMO_RIGIDBODY\DEBUG\DEBUGDRAWER.OBJ
C:\USERS\SERGEY\DOCUMENTS\BULLET3-MASTER\BULLET_DEMO_RIGIDBODY\BULLET_DEMO_RIGIDBODY\DEBUG\GAMEOBJECT.OBJ
C:\USERS\SERGEY\DOCUMENTS\BULLET3-MASTER\BULLET_DEMO_RIGIDBODY\BULLET_DEMO_RIGIDBODY\DEBUG\MAIN.OBJ
C:\USERS\SERGEY\DOCUMENTS\BULLET3-MASTER\BULLET_DEMO_RIGIDBODY\BULLET_DEMO_RIGIDBODY\DEBUG\MAIN_BAD_JACK.OBJ
C:\USERS\SERGEY\DOCUMENTS\BULLET3-MASTER\BULLET_DEMO_RIGIDBODY\BULLET_DEMO_RIGIDBODY\DEBUG\MAIN_ORIG.OBJ
C:\USERS\SERGEY\DOCUMENTS\BULLET3-MASTER\BULLET_DEMO_RIGIDBODY\BULLET_DEMO_RIGIDBODY\DEBUG\VC110.PDB
C:\Users\Sergey\Documents\bullet3-master\Bullet_Demo_RigidBody\Bullet_Demo_RigidBody\Debug\BasicDemo.obj
C:\Users\Sergey\Documents\bullet3-master\Bullet_Demo_RigidBody\Bullet_Demo_RigidBody\Debug\BulletOpenGLApplication.obj
C:\Users\Sergey\Documents\bullet3-master\Bullet_Demo_RigidBody\Bullet_Demo_RigidBody\Debug\DebugDrawer.obj
C:\Users\Sergey\Documents\bullet3-master\Bullet_Demo_RigidBody\Bullet_Demo_RigidBody\Debug\GameObject.obj
C:\Users\Sergey\Documents\bullet3-master\Bullet_Demo_RigidBody\Bullet_Demo_RigidBody\Debug\main.obj
C:\Users\Sergey\Documents\bullet3-master\Bullet_Demo_RigidBody\Bullet_Demo_RigidBody\Debug\main_bad_jack.obj
C:\Users\Sergey\Documents\bullet3-master\Bullet_Demo_RigidBody\Bullet_Demo_RigidBody\Debug\main_orig.obj
C:\Users\Sergey\Documents\bullet3-master\Bullet_Demo_RigidBody\Bullet_Demo_RigidBody\Debug\cl.command.1.tlog
C:\Users\Sergey\Documents\bullet3-master\Bullet_Demo_RigidBody\Bullet_Demo_RigidBody\Debug\CL.read.1.tlog
C:\Users\Sergey\Documents\bullet3-master\Bullet_Demo_RigidBody\Bullet_Demo_RigidBody\Debug\CL.write.1.tlog
C:\Users\Sergey\Documents\bullet3-master\Bullet_Demo_RigidBody\Bullet_Demo_RigidBody\Debug\link-cvtres.read.1.tlog
C:\Users\Sergey\Documents\bullet3-master\Bullet_Demo_RigidBody\Bullet_Demo_RigidBody\Debug\link-cvtres.write.1.tlog
C:\Users\Sergey\Documents\bullet3-master\Bullet_Demo_RigidBody\Bullet_Demo_RigidBody\Debug\link-rc.read.1.tlog
C:\Users\Sergey\Documents\bullet3-master\Bullet_Demo_RigidBody\Bullet_Demo_RigidBody\Debug\link-rc.write.1.tlog
C:\Users\Sergey\Documents\bullet3-master\Bullet_Demo_RigidBody\Bullet_Demo_RigidBody\Debug\link.12824-cvtres.read.1.tlog
C:\Users\Sergey\Documents\bullet3-master\Bullet_Demo_RigidBody\Bullet_Demo_RigidBody\Debug\link.12824-cvtres.write.1.tlog
C:\Users\Sergey\Documents\bullet3-master\Bullet_Demo_RigidBody\Bullet_Demo_RigidBody\Debug\link.12824-rc.read.1.tlog
C:\Users\Sergey\Documents\bullet3-master\Bullet_Demo_RigidBody\Bullet_Demo_RigidBody\Debug\link.12824-rc.write.1.tlog
C:\Users\Sergey\Documents\bullet3-master\Bullet_Demo_RigidBody\Bullet_Demo_RigidBody\Debug\link.12824.read.1.tlog
C:\Users\Sergey\Documents\bullet3-master\Bullet_Demo_RigidBody\Bullet_Demo_RigidBody\Debug\link.12824.write.1.tlog
C:\Users\Sergey\Documents\bullet3-master\Bullet_Demo_RigidBody\Bullet_Demo_RigidBody\Debug\link.4988-cvtres.read.1.tlog
C:\Users\Sergey\Documents\bullet3-master\Bullet_Demo_RigidBody\Bullet_Demo_RigidBody\Debug\link.4988-cvtres.write.1.tlog
C:\Users\Sergey\Documents\bullet3-master\Bullet_Demo_RigidBody\Bullet_Demo_RigidBody\Debug\link.4988-rc.read.1.tlog
C:\Users\Sergey\Documents\bullet3-master\Bullet_Demo_RigidBody\Bullet_Demo_RigidBody\Debug\link.4988-rc.write.1.tlog
C:\Users\Sergey\Documents\bullet3-master\Bullet_Demo_RigidBody\Bullet_Demo_RigidBody\Debug\link.4988.read.1.tlog
C:\Users\Sergey\Documents\bullet3-master\Bullet_Demo_RigidBody\Bullet_Demo_RigidBody\Debug\link.4988.write.1.tlog
C:\Users\Sergey\Documents\bullet3-master\Bullet_Demo_RigidBody\Bullet_Demo_RigidBody\Debug\link.command.1.tlog
C:\Users\Sergey\Documents\bullet3-master\Bullet_Demo_RigidBody\Bullet_Demo_RigidBody\Debug\link.read.1.tlog
C:\Users\Sergey\Documents\bullet3-master\Bullet_Demo_RigidBody\Bullet_Demo_RigidBody\Debug\link.write.1.tlog
C:\Users\Sergey\Documents\bullet3-master\Bullet_Demo_RigidBody\Bullet_Demo_RigidBody\Debug\vc110.idb
C:\Users\Sergey\Documents\bullet3-master\Bullet_Demo_RigidBody\Bullet_Demo_RigidBody\Debug\vc110.pdb
C:\Users\Sergey\Documents\bullet3-master\Bullet_Demo_RigidBody\Debug\Bullet_Demo_RigidBody.pdb
